<?xml version="1.0" encoding="UTF-8"?>
<testsuites name="Cura_TestSuite_Login_001" time="8.66" tests="1" failures="0" errors="0">
   <testsuite name="Cura_TestSuite_Login_001" tests="1" failures="0" errors="0" time="8.66" skipped="0" timestamp="26-01-2024T16:49:03" hostname="anilr - host.docker.internal" id="Test Suites/CURA_TestSuiteCollection/CURA_TestSuites/Cura_TestSuite_Login_001">
      <properties>
         <property name="deviceName" value=""/>
         <property name="devicePlatform" value=""/>
         <property name="logFolder" value="C:\\Users\\anilr\\SI-GuidedProject-704064-1704718588\\Reports\\20240126_164857\\CURA_TestSuiteCollection\\CURA_TestSuites\\Cura_TestSuite_Login_001\\20240126_164858"/>
         <property name="logFiles" value="C:\\Users\\anilr\\SI-GuidedProject-704064-1704718588\\Reports\\20240126_164857\\CURA_TestSuiteCollection\\CURA_TestSuites\\Cura_TestSuite_Login_001\\20240126_164858\\execution0.log"/>
         <property name="attachments" value=""/>
         <property name="hostName" value="anilr - host.docker.internal"/>
         <property name="os" value="Windows 11 64bit"/>
         <property name="katalonVersion" value="9.2.0.212"/>
         <property name="browser" value="Chrome 120.0.0.0"/>
         <property name="hostAddress" value="192.168.29.103"/>
         <property name="sessionId" value="48720995aa4a6e03a929a2acd547aefd"/>
         <property name="seleniumVersion" value="3.141.59"/>
         <property name="proxyInformation" value="ProxyInformation { proxyOption=NO_PROXY, proxyServerType=HTTP, username=, password=********, proxyServerAddress=, proxyServerPort=0, executionList=&quot;&quot;, isApplyToDesiredCapabilities=true }"/>
         <property name="platform" value="Windows 11"/>
      </properties>
      <testcase name="Test Cases/TC_CURA_Login_001" time="8.488" classname="Test Cases/TC_CURA_Login_001" status="PASSED">
         <system-out><![CDATA[26-01-2024T16:49:03 - [TEST_CASE][PASSED] - Test Cases/TC_CURA_Login_001: Test Cases/TC_CURA_Login_001

26-01-2024T16:49:03 - [TEST_STEP][PASSED] - openBrowser(""): Browser is opened with url: ''

26-01-2024T16:49:03 - [MESSAGE][INFO] - Starting 'Chrome' driver

26-01-2024T16:49:03 - [MESSAGE][INFO] - Action delay is set to 0 milliseconds

26-01-2024T16:49:05 - [MESSAGE][PASSED] - Browser is opened with url: ''

26-01-2024T16:49:05 - [TEST_STEP][PASSED] - navigateToUrl("https://katalon-demo-cura.herokuapp.com/"): Navigate to 'https://katalon-demo-cura.herokuapp.com/' successfully

26-01-2024T16:49:07 - [MESSAGE][PASSED] - Navigate to 'https://katalon-demo-cura.herokuapp.com/' successfully

26-01-2024T16:49:07 - [TEST_STEP][PASSED] - click(findTestObject("Object Repository/Cura Pages/CuraPage Login OR/Page_Cura HealthCare Service/i_fa fa-bars")): Object: 'Object Repository/Cura Pages/CuraPage Login OR/Page_Cura HealthCare Service/i_fa fa-bars' is clicked on

26-01-2024T16:49:08 - [MESSAGE][PASSED] - Object: 'Object Repository/Cura Pages/CuraPage Login OR/Page_Cura HealthCare Service/i_fa fa-bars' is clicked on

26-01-2024T16:49:08 - [TEST_STEP][PASSED] - click(findTestObject("Object Repository/Cura Pages/CuraPage Login OR/Page_Cura HealthCare Service/a_Login")): Object: 'Object Repository/Cura Pages/CuraPage Login OR/Page_Cura HealthCare Service/a_Login' is clicked on

26-01-2024T16:49:09 - [MESSAGE][PASSED] - Object: 'Object Repository/Cura Pages/CuraPage Login OR/Page_Cura HealthCare Service/a_Login' is clicked on

26-01-2024T16:49:09 - [TEST_STEP][PASSED] - setText(findTestObject("Object Repository/Cura Pages/CuraPage Login OR/Page_Cura HealthCare Service/input_username"), "John Doe"): Text 'John Doe' is set on object 'Object Repository/Cura Pages/CuraPage Login OR/Page_Cura HealthCare Service/input_username'

26-01-2024T16:49:09 - [MESSAGE][PASSED] - Text 'John Doe' is set on object 'Object Repository/Cura Pages/CuraPage Login OR/Page_Cura HealthCare Service/input_username'

26-01-2024T16:49:09 - [TEST_STEP][PASSED] - setEncryptedText(findTestObject("Object Repository/Cura Pages/CuraPage Login OR/Page_Cura HealthCare Service/input_password"), "g3/DOGG74jC3Flrr3yH+3D/yKbOqqUNM"): Text ****** has been set on object 'Object Repository/Cura Pages/CuraPage Login OR/Page_Cura HealthCare Service/input_password'

26-01-2024T16:49:10 - [MESSAGE][PASSED] - Text ****** has been set on object 'Object Repository/Cura Pages/CuraPage Login OR/Page_Cura HealthCare Service/input_password'

26-01-2024T16:49:10 - [TEST_STEP][PASSED] - click(findTestObject("Object Repository/Cura Pages/CuraPage Login OR/Page_Cura HealthCare Service/button_Login")): Object: 'Object Repository/Cura Pages/CuraPage Login OR/Page_Cura HealthCare Service/button_Login' is clicked on

26-01-2024T16:49:11 - [MESSAGE][PASSED] - Object: 'Object Repository/Cura Pages/CuraPage Login OR/Page_Cura HealthCare Service/button_Login' is clicked on]]></system-out>
         <system-err><![CDATA[]]></system-err>
      </testcase>
      <system-out><![CDATA[26-01-2024T16:49:03 - [TEST_SUITE][PASSED] - Cura_TestSuite_Login_001: Test Cases/TC_CURA_Login_001]]></system-out>
      <system-err><![CDATA[]]></system-err>
   </testsuite>
</testsuites>
